TN:
SF:src/services/submitFeedbackService.ts
FN:15,execute
FN:10,SubmitFeedbackService
FNF:2
FNH:2
FNDA:1,execute
FNDA:1,SubmitFeedbackService
DA:1,1
DA:2,1
DA:3,1
DA:4,1
DA:5,1
DA:6,1
DA:7,1
DA:8,1
DA:9,1
DA:10,1
DA:11,1
DA:12,1
DA:13,1
DA:14,1
DA:15,1
DA:16,1
DA:17,1
DA:18,1
DA:19,0
DA:20,0
DA:21,1
DA:22,0
DA:23,0
DA:24,1
DA:25,0
DA:26,0
DA:27,1
DA:28,1
DA:29,1
DA:30,1
DA:31,1
DA:32,1
DA:33,1
DA:34,1
DA:35,1
DA:36,1
DA:37,1
DA:38,1
DA:39,1
DA:40,1
DA:41,1
DA:42,1
DA:43,1
LF:43
LH:37
BRDA:15,0,0,1
BRDA:18,1,0,0
BRDA:21,2,0,0
BRDA:24,3,0,0
BRDA:10,4,0,1
BRF:5
BRH:2
end_of_record
